2023-03-09 15:14:52,761 - ERROR - crypto_app.aes_algo - Error during the encryption of a message with DES. The message must be a string
2023-03-09 15:14:52,761 - ERROR - crypto_app.aes_algo - Error during the encryption of a message with DES. The message must be a string
2023-03-09 15:14:52,761 - ERROR - crypto_app.aes_algo - Error during the encryption of a message with DES. The key must be a string in ASCII format of length 16, 24 or 32
2023-03-09 15:14:52,761 - ERROR - crypto_app.aes_algo - Error during the encryption of a message with DES. The key must be a string in ASCII format of length 16, 24 or 32
2023-03-09 15:14:52,761 - ERROR - crypto_app.aes_algo - Error during the encryption of a message with DES. The key must be a string in ASCII format of length 16, 24 or 32
2023-03-09 15:14:52,761 - ERROR - crypto_app.aes_algo - Error during the encryption of a message with DES. The key must be a string in ASCII format of length 16, 24 or 32
2023-03-09 15:14:52,761 - ERROR - crypto_app.aes_algo - Error during the encryption of a message with DES. The key must be a string in ASCII format of length 16, 24 or 32
2023-03-09 15:14:52,761 - ERROR - crypto_app.aes_algo - Error during the encryption of a message with DES. The key must be a string in ASCII format of length 16, 24 or 32
2023-03-09 15:14:52,761 - ERROR - crypto_app.aes_algo - Error during the encryption of a message with DES. The key must be a string in ASCII format of length 16, 24 or 32
2023-03-09 15:14:52,761 - ERROR - crypto_app.aes_algo - Error during the decryption of a message with DES. The message must be a string
2023-03-09 15:14:52,761 - ERROR - crypto_app.aes_algo - Error during the decryption of a message with DES. The message must be a string
2023-03-09 15:14:52,761 - ERROR - crypto_app.aes_algo - Error during the decryption of a message with DES. The message must be a string
2023-03-09 15:14:52,761 - ERROR - crypto_app.aes_algo - Error during the decryption of a message with DES. The message must be a string
2023-03-09 15:14:52,761 - ERROR - crypto_app.aes_algo - Error during the decryption of a message with DES. The message must be a string
2023-03-09 15:14:52,761 - ERROR - crypto_app.aes_algo - Error during the decryption of a message with DES. The key must be an string in ASCII format of length 16, 24 or 32
2023-03-09 15:14:52,761 - ERROR - crypto_app.aes_algo - Error during the decryption of a message with DES. The key must be an string in ASCII format of length 16, 24 or 32
2023-03-09 15:14:52,761 - ERROR - crypto_app.aes_algo - Error during the decryption of a message with DES. The key must be an string in ASCII format of length 16, 24 or 32
2023-03-09 15:14:52,761 - ERROR - crypto_app.aes_algo - Error during the decryption of a message with DES. The key must be an string in ASCII format of length 16, 24 or 32
2023-03-09 15:14:52,761 - ERROR - crypto_app.aes_algo - Error during the decryption of a message with DES. The key must be an string in ASCII format of length 16, 24 or 32
2023-03-09 15:14:52,761 - ERROR - crypto_app.aes_algo - Error during the decryption of a message with DES. The key must be an string in ASCII format of length 16, 24 or 32
2023-03-09 15:14:52,761 - ERROR - crypto_app.aes_algo - Error during the decryption of a message with DES. The key must be an string in ASCII format of length 16, 24 or 32
2023-03-09 15:14:52,761 - ERROR - crypto_app.aes_algo - Error during the decryption of a message with DES. The key must be an string in ASCII format of length 16, 24 or 32
2023-03-09 15:14:52,761 - ERROR - crypto_app.aes_algo - Error during the decryption of a message with DES. The key must be an string in ASCII format of length 16, 24 or 32
2023-03-09 15:14:52,761 - ERROR - crypto_app.aes_algo - Error during the decryption of a message with DES. The key must be an string in ASCII format of length 16, 24 or 32
2023-03-09 15:14:52,761 - ERROR - crypto_app.aes_algo - Error during the decryption of a message with DES. The key must be an string in ASCII format of length 16, 24 or 32
2023-03-09 15:14:52,761 - ERROR - crypto_app.aes_algo - Error during the decryption of a message with DES. The key must be an string in ASCII format of length 16, 24 or 32
2023-03-09 15:14:52,761 - ERROR - crypto_app.aes_algo - Error during the decryption of a message with DES. The key must be an string in ASCII format of length 16, 24 or 32
2023-03-09 15:14:52,774 - ERROR - crypto_app.aes_algo - Error during the decryption of a message with DES. The key must be an string in ASCII format of length 16, 24 or 32
2023-03-09 15:14:52,774 - ERROR - crypto_app.aes_algo - Error during the decryption of a message with DES. The key must be an string in ASCII format of length 16, 24 or 32
2023-03-09 15:14:52,774 - ERROR - crypto_app.aes_algo - Error during the decryption of a message with DES. The key must be an string in ASCII format of length 16, 24 or 32
2023-03-09 15:14:52,774 - ERROR - crypto_app.aes_algo - Error during the decryption of a message with DES. The key must be an string in ASCII format of length 16, 24 or 32
2023-03-09 15:14:52,774 - ERROR - crypto_app.aes_algo - Error during the decryption of a message with DES. The key must be an string in ASCII format of length 16, 24 or 32
2023-03-09 15:14:52,774 - ERROR - crypto_app.aes_algo - Error during the decryption of a message with DES. The key must be an string in ASCII format of length 16, 24 or 32
2023-03-09 15:14:52,774 - ERROR - crypto_app.aes_algo - Error during the decryption of a message with DES. The key must be an string in ASCII format of length 16, 24 or 32
2023-03-09 15:14:52,774 - ERROR - crypto_app.aes_algo - Error during the decryption of a message with DES. The key must be an string in ASCII format of length 16, 24 or 32
2023-03-09 15:19:14,826 - ERROR - crypto_app.aes_algo - Error during the encryption of a message with DES. The message must be a string
2023-03-09 15:19:14,826 - ERROR - crypto_app.aes_algo - Error during the encryption of a message with DES. The message must be a string
2023-03-09 15:19:14,826 - ERROR - crypto_app.aes_algo - Error during the encryption of a message with DES. The key must be a string in ASCII format of length 16, 24 or 32
2023-03-09 15:19:14,826 - ERROR - crypto_app.aes_algo - Error during the encryption of a message with DES. The key must be a string in ASCII format of length 16, 24 or 32
2023-03-09 15:19:14,826 - ERROR - crypto_app.aes_algo - Error during the encryption of a message with DES. The key must be a string in ASCII format of length 16, 24 or 32
2023-03-09 15:19:14,826 - ERROR - crypto_app.aes_algo - Error during the encryption of a message with DES. The key must be a string in ASCII format of length 16, 24 or 32
2023-03-09 15:19:14,826 - ERROR - crypto_app.aes_algo - Error during the encryption of a message with DES. The key must be a string in ASCII format of length 16, 24 or 32
2023-03-09 15:19:14,826 - ERROR - crypto_app.aes_algo - Error during the encryption of a message with DES. The key must be a string in ASCII format of length 16, 24 or 32
2023-03-09 15:19:14,826 - ERROR - crypto_app.aes_algo - Error during the encryption of a message with DES. The key must be a string in ASCII format of length 16, 24 or 32
2023-03-09 15:19:14,826 - ERROR - crypto_app.aes_algo - Error during the decryption of a message with DES. The message must be a string
2023-03-09 15:19:14,826 - ERROR - crypto_app.aes_algo - Error during the decryption of a message with DES. The message must be a string
2023-03-09 15:19:14,826 - ERROR - crypto_app.aes_algo - Error during the decryption of a message with DES. The message must be a string
2023-03-09 15:19:14,826 - ERROR - crypto_app.aes_algo - Error during the decryption of a message with DES. The message must be a string
2023-03-09 15:19:14,826 - ERROR - crypto_app.aes_algo - Error during the decryption of a message with DES. The message must be a string
2023-03-09 15:19:14,842 - ERROR - crypto_app.aes_algo - Error during the decryption of a message with DES. The key must be an string in ASCII format of length 16, 24 or 32
2023-03-09 15:19:14,842 - ERROR - crypto_app.aes_algo - Error during the decryption of a message with DES. The key must be an string in ASCII format of length 16, 24 or 32
2023-03-09 15:19:14,842 - ERROR - crypto_app.aes_algo - Error during the decryption of a message with DES. The key must be an string in ASCII format of length 16, 24 or 32
2023-03-09 15:19:14,842 - ERROR - crypto_app.aes_algo - Error during the decryption of a message with DES. The key must be an string in ASCII format of length 16, 24 or 32
2023-03-09 15:19:14,842 - ERROR - crypto_app.aes_algo - Error during the decryption of a message with DES. The key must be an string in ASCII format of length 16, 24 or 32
2023-03-09 15:19:14,842 - ERROR - crypto_app.aes_algo - Error during the decryption of a message with DES. The key must be an string in ASCII format of length 16, 24 or 32
2023-03-09 15:19:14,842 - ERROR - crypto_app.aes_algo - Error during the decryption of a message with DES. The key must be an string in ASCII format of length 16, 24 or 32
2023-03-09 15:19:14,842 - ERROR - crypto_app.aes_algo - Error during the decryption of a message with DES. The key must be an string in ASCII format of length 16, 24 or 32
2023-03-09 15:19:14,842 - ERROR - crypto_app.aes_algo - Error during the decryption of a message with DES. The key must be an string in ASCII format of length 16, 24 or 32
2023-03-09 15:19:14,842 - ERROR - crypto_app.aes_algo - Error during the decryption of a message with DES. The key must be an string in ASCII format of length 16, 24 or 32
2023-03-09 15:19:14,842 - ERROR - crypto_app.aes_algo - Error during the decryption of a message with DES. The key must be an string in ASCII format of length 16, 24 or 32
2023-03-09 15:19:14,842 - ERROR - crypto_app.aes_algo - Error during the decryption of a message with DES. The key must be an string in ASCII format of length 16, 24 or 32
2023-03-09 15:19:14,842 - ERROR - crypto_app.aes_algo - Error during the decryption of a message with DES. The key must be an string in ASCII format of length 16, 24 or 32
2023-03-09 15:19:14,842 - ERROR - crypto_app.aes_algo - Error during the decryption of a message with DES. The key must be an string in ASCII format of length 16, 24 or 32
2023-03-09 15:19:14,842 - ERROR - crypto_app.aes_algo - Error during the decryption of a message with DES. The key must be an string in ASCII format of length 16, 24 or 32
2023-03-09 15:19:14,842 - ERROR - crypto_app.aes_algo - Error during the decryption of a message with DES. The key must be an string in ASCII format of length 16, 24 or 32
2023-03-09 15:19:14,842 - ERROR - crypto_app.aes_algo - Error during the decryption of a message with DES. The key must be an string in ASCII format of length 16, 24 or 32
2023-03-09 15:19:14,842 - ERROR - crypto_app.aes_algo - Error during the decryption of a message with DES. The key must be an string in ASCII format of length 16, 24 or 32
2023-03-09 15:19:14,842 - ERROR - crypto_app.aes_algo - Error during the decryption of a message with DES. The key must be an string in ASCII format of length 16, 24 or 32
2023-03-09 15:19:14,842 - ERROR - crypto_app.aes_algo - Error during the decryption of a message with DES. The key must be an string in ASCII format of length 16, 24 or 32
2023-03-09 15:19:14,842 - ERROR - crypto_app.aes_algo - Error during the decryption of a message with DES. The key must be an string in ASCII format of length 16, 24 or 32
2023-03-09 15:20:27,743 - ERROR - crypto_app.aes_algo - Error during the encryption of a message with DES. The message must be a string
2023-03-09 15:20:27,743 - ERROR - crypto_app.aes_algo - Error during the encryption of a message with DES. The message must be a string
2023-03-09 15:20:27,743 - ERROR - crypto_app.aes_algo - Error during the encryption of a message with DES. The key must be a string in ASCII format of length 16, 24 or 32
2023-03-09 15:20:27,743 - ERROR - crypto_app.aes_algo - Error during the encryption of a message with DES. The key must be a string in ASCII format of length 16, 24 or 32
2023-03-09 15:20:27,743 - ERROR - crypto_app.aes_algo - Error during the encryption of a message with DES. The key must be a string in ASCII format of length 16, 24 or 32
2023-03-09 15:20:27,743 - ERROR - crypto_app.aes_algo - Error during the encryption of a message with DES. The key must be a string in ASCII format of length 16, 24 or 32
2023-03-09 15:20:27,743 - ERROR - crypto_app.aes_algo - Error during the encryption of a message with DES. The key must be a string in ASCII format of length 16, 24 or 32
2023-03-09 15:20:27,743 - ERROR - crypto_app.aes_algo - Error during the encryption of a message with DES. The key must be a string in ASCII format of length 16, 24 or 32
2023-03-09 15:20:27,743 - ERROR - crypto_app.aes_algo - Error during the encryption of a message with DES. The key must be a string in ASCII format of length 16, 24 or 32
2023-03-09 15:20:27,743 - ERROR - crypto_app.aes_algo - Error during the decryption of a message with DES. The message must be a string
2023-03-09 15:20:27,743 - ERROR - crypto_app.aes_algo - Error during the decryption of a message with DES. The message must be a string
2023-03-09 15:20:27,743 - ERROR - crypto_app.aes_algo - Error during the decryption of a message with DES. The message must be a string
2023-03-09 15:20:27,743 - ERROR - crypto_app.aes_algo - Error during the decryption of a message with DES. The message must be a string
2023-03-09 15:20:27,743 - ERROR - crypto_app.aes_algo - Error during the decryption of a message with DES. The message must be a string
2023-03-09 15:20:27,743 - ERROR - crypto_app.aes_algo - Error during the decryption of a message with DES. The key must be an string in ASCII format of length 16, 24 or 32
2023-03-09 15:20:27,743 - ERROR - crypto_app.aes_algo - Error during the decryption of a message with DES. The key must be an string in ASCII format of length 16, 24 or 32
2023-03-09 15:20:27,743 - ERROR - crypto_app.aes_algo - Error during the decryption of a message with DES. The key must be an string in ASCII format of length 16, 24 or 32
2023-03-09 15:20:27,743 - ERROR - crypto_app.aes_algo - Error during the decryption of a message with DES. The key must be an string in ASCII format of length 16, 24 or 32
2023-03-09 15:20:27,743 - ERROR - crypto_app.aes_algo - Error during the decryption of a message with DES. The key must be an string in ASCII format of length 16, 24 or 32
2023-03-09 15:20:27,743 - ERROR - crypto_app.aes_algo - Error during the decryption of a message with DES. The key must be an string in ASCII format of length 16, 24 or 32
2023-03-09 15:20:27,743 - ERROR - crypto_app.aes_algo - Error during the decryption of a message with DES. The key must be an string in ASCII format of length 16, 24 or 32
2023-03-09 15:20:27,743 - ERROR - crypto_app.aes_algo - Error during the decryption of a message with DES. The key must be an string in ASCII format of length 16, 24 or 32
2023-03-09 15:20:27,743 - ERROR - crypto_app.aes_algo - Error during the decryption of a message with DES. The key must be an string in ASCII format of length 16, 24 or 32
2023-03-09 15:20:27,743 - ERROR - crypto_app.aes_algo - Error during the decryption of a message with DES. The key must be an string in ASCII format of length 16, 24 or 32
2023-03-09 15:20:27,743 - ERROR - crypto_app.aes_algo - Error during the decryption of a message with DES. The key must be an string in ASCII format of length 16, 24 or 32
2023-03-09 15:20:27,743 - ERROR - crypto_app.aes_algo - Error during the decryption of a message with DES. The key must be an string in ASCII format of length 16, 24 or 32
2023-03-09 15:20:27,743 - ERROR - crypto_app.aes_algo - Error during the decryption of a message with DES. The key must be an string in ASCII format of length 16, 24 or 32
2023-03-09 15:20:27,743 - ERROR - crypto_app.aes_algo - Error during the decryption of a message with DES. The key must be an string in ASCII format of length 16, 24 or 32
2023-03-09 15:20:27,743 - ERROR - crypto_app.aes_algo - Error during the decryption of a message with DES. The key must be an string in ASCII format of length 16, 24 or 32
2023-03-09 15:20:27,743 - ERROR - crypto_app.aes_algo - Error during the decryption of a message with DES. The key must be an string in ASCII format of length 16, 24 or 32
2023-03-09 15:20:27,743 - ERROR - crypto_app.aes_algo - Error during the decryption of a message with DES. The key must be an string in ASCII format of length 16, 24 or 32
2023-03-09 15:20:27,743 - ERROR - crypto_app.aes_algo - Error during the decryption of a message with DES. The key must be an string in ASCII format of length 16, 24 or 32
2023-03-09 15:20:27,743 - ERROR - crypto_app.aes_algo - Error during the decryption of a message with DES. The key must be an string in ASCII format of length 16, 24 or 32
2023-03-09 15:20:27,743 - ERROR - crypto_app.aes_algo - Error during the decryption of a message with DES. The key must be an string in ASCII format of length 16, 24 or 32
2023-03-09 15:20:27,743 - ERROR - crypto_app.aes_algo - Error during the decryption of a message with DES. The key must be an string in ASCII format of length 16, 24 or 32
2023-03-09 15:22:02,783 - ERROR - crypto_app.aes_algo - Error during the encryption of a message with DES. The message must be a string
2023-03-09 15:22:02,783 - ERROR - crypto_app.aes_algo - Error during the encryption of a message with DES. The message must be a string
2023-03-09 15:22:02,783 - ERROR - crypto_app.aes_algo - Error during the encryption of a message with DES. The key must be a string in ASCII format of length 16, 24 or 32
2023-03-09 15:22:02,783 - ERROR - crypto_app.aes_algo - Error during the encryption of a message with DES. The key must be a string in ASCII format of length 16, 24 or 32
2023-03-09 15:22:02,783 - ERROR - crypto_app.aes_algo - Error during the encryption of a message with DES. The key must be a string in ASCII format of length 16, 24 or 32
2023-03-09 15:22:02,783 - ERROR - crypto_app.aes_algo - Error during the encryption of a message with DES. The key must be a string in ASCII format of length 16, 24 or 32
2023-03-09 15:22:02,783 - ERROR - crypto_app.aes_algo - Error during the encryption of a message with DES. The key must be a string in ASCII format of length 16, 24 or 32
2023-03-09 15:22:02,783 - ERROR - crypto_app.aes_algo - Error during the encryption of a message with DES. The key must be a string in ASCII format of length 16, 24 or 32
2023-03-09 15:22:02,783 - ERROR - crypto_app.aes_algo - Error during the encryption of a message with DES. The key must be a string in ASCII format of length 16, 24 or 32
2023-03-09 15:22:02,783 - ERROR - crypto_app.aes_algo - Error during the decryption of a message with DES. The message must be a string
2023-03-09 15:22:02,783 - ERROR - crypto_app.aes_algo - Error during the decryption of a message with DES. The message must be a string
2023-03-09 15:22:02,783 - ERROR - crypto_app.aes_algo - Error during the decryption of a message with DES. The message must be a string
2023-03-09 15:22:02,783 - ERROR - crypto_app.aes_algo - Error during the decryption of a message with DES. The message must be a string
2023-03-09 15:22:02,783 - ERROR - crypto_app.aes_algo - Error during the decryption of a message with DES. The message must be a string
2023-03-09 15:22:02,799 - ERROR - crypto_app.aes_algo - Error during the decryption of a message with DES. The key must be an string in ASCII format of length 16, 24 or 32
2023-03-09 15:22:02,799 - ERROR - crypto_app.aes_algo - Error during the decryption of a message with DES. The key must be an string in ASCII format of length 16, 24 or 32
2023-03-09 15:22:02,799 - ERROR - crypto_app.aes_algo - Error during the decryption of a message with DES. The key must be an string in ASCII format of length 16, 24 or 32
2023-03-09 15:22:02,799 - ERROR - crypto_app.aes_algo - Error during the decryption of a message with DES. The key must be an string in ASCII format of length 16, 24 or 32
2023-03-09 15:22:02,799 - ERROR - crypto_app.aes_algo - Error during the decryption of a message with DES. The key must be an string in ASCII format of length 16, 24 or 32
2023-03-09 15:22:02,799 - ERROR - crypto_app.aes_algo - Error during the decryption of a message with DES. The key must be an string in ASCII format of length 16, 24 or 32
2023-03-09 15:22:02,799 - ERROR - crypto_app.aes_algo - Error during the decryption of a message with DES. The key must be an string in ASCII format of length 16, 24 or 32
2023-03-09 15:22:02,799 - ERROR - crypto_app.aes_algo - Error during the decryption of a message with DES. The key must be an string in ASCII format of length 16, 24 or 32
2023-03-09 15:22:02,799 - ERROR - crypto_app.aes_algo - Error during the decryption of a message with DES. The key must be an string in ASCII format of length 16, 24 or 32
2023-03-09 15:22:02,799 - ERROR - crypto_app.aes_algo - Error during the decryption of a message with DES. The key must be an string in ASCII format of length 16, 24 or 32
2023-03-09 15:22:02,799 - ERROR - crypto_app.aes_algo - Error during the decryption of a message with DES. The key must be an string in ASCII format of length 16, 24 or 32
2023-03-09 15:22:02,799 - ERROR - crypto_app.aes_algo - Error during the decryption of a message with DES. The key must be an string in ASCII format of length 16, 24 or 32
2023-03-09 15:22:02,799 - ERROR - crypto_app.aes_algo - Error during the decryption of a message with DES. The key must be an string in ASCII format of length 16, 24 or 32
2023-03-09 15:22:02,799 - ERROR - crypto_app.aes_algo - Error during the decryption of a message with DES. The key must be an string in ASCII format of length 16, 24 or 32
2023-03-09 15:22:02,799 - ERROR - crypto_app.aes_algo - Error during the decryption of a message with DES. The key must be an string in ASCII format of length 16, 24 or 32
2023-03-09 15:22:02,799 - ERROR - crypto_app.aes_algo - Error during the decryption of a message with DES. The key must be an string in ASCII format of length 16, 24 or 32
2023-03-09 15:22:02,799 - ERROR - crypto_app.aes_algo - Error during the decryption of a message with DES. The key must be an string in ASCII format of length 16, 24 or 32
2023-03-09 15:22:02,799 - ERROR - crypto_app.aes_algo - Error during the decryption of a message with DES. The key must be an string in ASCII format of length 16, 24 or 32
2023-03-09 15:22:02,799 - ERROR - crypto_app.aes_algo - Error during the decryption of a message with DES. The key must be an string in ASCII format of length 16, 24 or 32
2023-03-09 15:22:02,799 - ERROR - crypto_app.aes_algo - Error during the decryption of a message with DES. The key must be an string in ASCII format of length 16, 24 or 32
2023-03-09 15:22:02,799 - ERROR - crypto_app.aes_algo - Error during the decryption of a message with DES. The key must be an string in ASCII format of length 16, 24 or 32
2023-03-09 15:39:27,469 - ERROR - crypto_app.aes_algo - Error during the encryption of a message with DES. The message must be a string
2023-03-09 15:39:27,469 - ERROR - crypto_app.aes_algo - Error during the encryption of a message with DES. The message must be a string
2023-03-09 15:39:27,469 - ERROR - crypto_app.aes_algo - Error during the encryption of a message with DES. The key must be a string in ASCII format of length 16, 24 or 32
2023-03-09 15:39:27,469 - ERROR - crypto_app.aes_algo - Error during the encryption of a message with DES. The key must be a string in ASCII format of length 16, 24 or 32
2023-03-09 15:39:27,469 - ERROR - crypto_app.aes_algo - Error during the encryption of a message with DES. The key must be a string in ASCII format of length 16, 24 or 32
2023-03-09 15:39:27,469 - ERROR - crypto_app.aes_algo - Error during the encryption of a message with DES. The key must be a string in ASCII format of length 16, 24 or 32
2023-03-09 15:39:27,469 - ERROR - crypto_app.aes_algo - Error during the encryption of a message with DES. The key must be a string in ASCII format of length 16, 24 or 32
2023-03-09 15:39:27,469 - ERROR - crypto_app.aes_algo - Error during the encryption of a message with DES. The key must be a string in ASCII format of length 16, 24 or 32
2023-03-09 15:39:27,469 - ERROR - crypto_app.aes_algo - Error during the encryption of a message with DES. The key must be a string in ASCII format of length 16, 24 or 32
2023-03-09 15:39:27,469 - ERROR - crypto_app.aes_algo - Error during the decryption of a message with DES. The message must be a string
2023-03-09 15:39:27,469 - ERROR - crypto_app.aes_algo - Error during the decryption of a message with DES. The message must be a string
2023-03-09 15:39:27,469 - ERROR - crypto_app.aes_algo - Error during the decryption of a message with DES. The message must be a string
2023-03-09 15:39:27,469 - ERROR - crypto_app.aes_algo - Error during the decryption of a message with DES. The message must be a string
2023-03-09 15:39:27,469 - ERROR - crypto_app.aes_algo - Error during the decryption of a message with DES. The message must be a string
2023-03-09 15:39:27,469 - ERROR - crypto_app.aes_algo - Error during the decryption of a message with DES. The key must be an string in ASCII format of length 16, 24 or 32
2023-03-09 15:39:27,469 - ERROR - crypto_app.aes_algo - Error during the decryption of a message with DES. The key must be an string in ASCII format of length 16, 24 or 32
2023-03-09 15:39:27,469 - ERROR - crypto_app.aes_algo - Error during the decryption of a message with DES. The key must be an string in ASCII format of length 16, 24 or 32
2023-03-09 15:39:27,469 - ERROR - crypto_app.aes_algo - Error during the decryption of a message with DES. The key must be an string in ASCII format of length 16, 24 or 32
2023-03-09 15:39:27,469 - ERROR - crypto_app.aes_algo - Error during the decryption of a message with DES. The key must be an string in ASCII format of length 16, 24 or 32
2023-03-09 15:39:27,469 - ERROR - crypto_app.aes_algo - Error during the decryption of a message with DES. The key must be an string in ASCII format of length 16, 24 or 32
2023-03-09 15:39:27,485 - ERROR - crypto_app.aes_algo - Error during the decryption of a message with DES. The key must be an string in ASCII format of length 16, 24 or 32
2023-03-09 15:39:27,485 - ERROR - crypto_app.aes_algo - Error during the decryption of a message with DES. The key must be an string in ASCII format of length 16, 24 or 32
2023-03-09 15:39:27,485 - ERROR - crypto_app.aes_algo - Error during the decryption of a message with DES. The key must be an string in ASCII format of length 16, 24 or 32
2023-03-09 15:39:27,485 - ERROR - crypto_app.aes_algo - Error during the decryption of a message with DES. The key must be an string in ASCII format of length 16, 24 or 32
2023-03-09 15:39:27,485 - ERROR - crypto_app.aes_algo - Error during the decryption of a message with DES. The key must be an string in ASCII format of length 16, 24 or 32
2023-03-09 15:39:27,485 - ERROR - crypto_app.aes_algo - Error during the decryption of a message with DES. The key must be an string in ASCII format of length 16, 24 or 32
2023-03-09 15:39:27,485 - ERROR - crypto_app.aes_algo - Error during the decryption of a message with DES. The key must be an string in ASCII format of length 16, 24 or 32
2023-03-09 15:39:27,485 - ERROR - crypto_app.aes_algo - Error during the decryption of a message with DES. The key must be an string in ASCII format of length 16, 24 or 32
2023-03-09 15:39:27,485 - ERROR - crypto_app.aes_algo - Error during the decryption of a message with DES. The key must be an string in ASCII format of length 16, 24 or 32
2023-03-09 15:39:27,485 - ERROR - crypto_app.aes_algo - Error during the decryption of a message with DES. The key must be an string in ASCII format of length 16, 24 or 32
2023-03-09 15:39:27,485 - ERROR - crypto_app.aes_algo - Error during the decryption of a message with DES. The key must be an string in ASCII format of length 16, 24 or 32
2023-03-09 15:39:27,485 - ERROR - crypto_app.aes_algo - Error during the decryption of a message with DES. The key must be an string in ASCII format of length 16, 24 or 32
2023-03-09 15:39:27,485 - ERROR - crypto_app.aes_algo - Error during the decryption of a message with DES. The key must be an string in ASCII format of length 16, 24 or 32
2023-03-09 15:39:27,485 - ERROR - crypto_app.aes_algo - Error during the decryption of a message with DES. The key must be an string in ASCII format of length 16, 24 or 32
2023-03-09 15:39:27,485 - ERROR - crypto_app.aes_algo - Error during the decryption of a message with DES. The key must be an string in ASCII format of length 16, 24 or 32
2023-03-09 15:39:46,835 - ERROR - crypto_app.aes_algo - Error during the encryption of a message with DES. The message must be a string
2023-03-09 15:39:46,835 - ERROR - crypto_app.aes_algo - Error during the encryption of a message with DES. The message must be a string
2023-03-09 15:39:46,835 - ERROR - crypto_app.aes_algo - Error during the encryption of a message with DES. The key must be a string in ASCII format of length 16, 24 or 32
2023-03-09 15:39:46,835 - ERROR - crypto_app.aes_algo - Error during the encryption of a message with DES. The key must be a string in ASCII format of length 16, 24 or 32
2023-03-09 15:39:46,835 - ERROR - crypto_app.aes_algo - Error during the encryption of a message with DES. The key must be a string in ASCII format of length 16, 24 or 32
2023-03-09 15:39:46,835 - ERROR - crypto_app.aes_algo - Error during the encryption of a message with DES. The key must be a string in ASCII format of length 16, 24 or 32
2023-03-09 15:39:46,835 - ERROR - crypto_app.aes_algo - Error during the encryption of a message with DES. The key must be a string in ASCII format of length 16, 24 or 32
2023-03-09 15:39:46,835 - ERROR - crypto_app.aes_algo - Error during the encryption of a message with DES. The key must be a string in ASCII format of length 16, 24 or 32
2023-03-09 15:39:46,835 - ERROR - crypto_app.aes_algo - Error during the encryption of a message with DES. The key must be a string in ASCII format of length 16, 24 or 32
2023-03-09 15:39:46,835 - ERROR - crypto_app.aes_algo - Error during the decryption of a message with DES. The message must be a string
2023-03-09 15:39:46,835 - ERROR - crypto_app.aes_algo - Error during the decryption of a message with DES. The message must be a string
2023-03-09 15:39:46,835 - ERROR - crypto_app.aes_algo - Error during the decryption of a message with DES. The message must be a string
2023-03-09 15:39:46,835 - ERROR - crypto_app.aes_algo - Error during the decryption of a message with DES. The message must be a string
2023-03-09 15:39:46,835 - ERROR - crypto_app.aes_algo - Error during the decryption of a message with DES. The message must be a string
2023-03-09 15:39:46,835 - ERROR - crypto_app.aes_algo - Error during the decryption of a message with DES. The key must be an string in ASCII format of length 16, 24 or 32
2023-03-09 15:39:46,835 - ERROR - crypto_app.aes_algo - Error during the decryption of a message with DES. The key must be an string in ASCII format of length 16, 24 or 32
2023-03-09 15:39:46,835 - ERROR - crypto_app.aes_algo - Error during the decryption of a message with DES. The key must be an string in ASCII format of length 16, 24 or 32
2023-03-09 15:39:46,835 - ERROR - crypto_app.aes_algo - Error during the decryption of a message with DES. The key must be an string in ASCII format of length 16, 24 or 32
2023-03-09 15:39:46,835 - ERROR - crypto_app.aes_algo - Error during the decryption of a message with DES. The key must be an string in ASCII format of length 16, 24 or 32
2023-03-09 15:39:46,835 - ERROR - crypto_app.aes_algo - Error during the decryption of a message with DES. The key must be an string in ASCII format of length 16, 24 or 32
2023-03-09 15:39:46,835 - ERROR - crypto_app.aes_algo - Error during the decryption of a message with DES. The key must be an string in ASCII format of length 16, 24 or 32
2023-03-09 15:39:46,835 - ERROR - crypto_app.aes_algo - Error during the decryption of a message with DES. The key must be an string in ASCII format of length 16, 24 or 32
2023-03-09 15:39:46,835 - ERROR - crypto_app.aes_algo - Error during the decryption of a message with DES. The key must be an string in ASCII format of length 16, 24 or 32
2023-03-09 15:39:46,835 - ERROR - crypto_app.aes_algo - Error during the decryption of a message with DES. The key must be an string in ASCII format of length 16, 24 or 32
2023-03-09 15:39:46,835 - ERROR - crypto_app.aes_algo - Error during the decryption of a message with DES. The key must be an string in ASCII format of length 16, 24 or 32
2023-03-09 15:39:46,835 - ERROR - crypto_app.aes_algo - Error during the decryption of a message with DES. The key must be an string in ASCII format of length 16, 24 or 32
2023-03-09 15:39:46,835 - ERROR - crypto_app.aes_algo - Error during the decryption of a message with DES. The key must be an string in ASCII format of length 16, 24 or 32
2023-03-09 15:39:46,851 - ERROR - crypto_app.aes_algo - Error during the decryption of a message with DES. The key must be an string in ASCII format of length 16, 24 or 32
2023-03-09 15:39:46,851 - ERROR - crypto_app.aes_algo - Error during the decryption of a message with DES. The key must be an string in ASCII format of length 16, 24 or 32
2023-03-09 15:39:46,851 - ERROR - crypto_app.aes_algo - Error during the decryption of a message with DES. The key must be an string in ASCII format of length 16, 24 or 32
2023-03-09 15:39:46,851 - ERROR - crypto_app.aes_algo - Error during the decryption of a message with DES. The key must be an string in ASCII format of length 16, 24 or 32
2023-03-09 15:39:46,851 - ERROR - crypto_app.aes_algo - Error during the decryption of a message with DES. The key must be an string in ASCII format of length 16, 24 or 32
2023-03-09 15:39:46,851 - ERROR - crypto_app.aes_algo - Error during the decryption of a message with DES. The key must be an string in ASCII format of length 16, 24 or 32
2023-03-09 15:39:46,851 - ERROR - crypto_app.aes_algo - Error during the decryption of a message with DES. The key must be an string in ASCII format of length 16, 24 or 32
2023-03-09 15:39:46,851 - ERROR - crypto_app.aes_algo - Error during the decryption of a message with DES. The key must be an string in ASCII format of length 16, 24 or 32
2023-03-09 15:42:29,607 - ERROR - crypto_app.aes_algo - Error during the encryption of a message with DES. The message must be a string
2023-03-09 15:42:29,607 - ERROR - crypto_app.aes_algo - Error during the encryption of a message with DES. The message must be a string
2023-03-09 15:42:29,607 - ERROR - crypto_app.aes_algo - Error during the encryption of a message with DES. The key must be a string in ASCII format of length 16, 24 or 32
2023-03-09 15:42:29,607 - ERROR - crypto_app.aes_algo - Error during the encryption of a message with DES. The key must be a string in ASCII format of length 16, 24 or 32
2023-03-09 15:42:29,607 - ERROR - crypto_app.aes_algo - Error during the encryption of a message with DES. The key must be a string in ASCII format of length 16, 24 or 32
2023-03-09 15:42:29,607 - ERROR - crypto_app.aes_algo - Error during the encryption of a message with DES. The key must be a string in ASCII format of length 16, 24 or 32
2023-03-09 15:42:29,607 - ERROR - crypto_app.aes_algo - Error during the encryption of a message with DES. The key must be a string in ASCII format of length 16, 24 or 32
2023-03-09 15:42:29,607 - ERROR - crypto_app.aes_algo - Error during the encryption of a message with DES. The key must be a string in ASCII format of length 16, 24 or 32
2023-03-09 15:42:29,607 - ERROR - crypto_app.aes_algo - Error during the encryption of a message with DES. The key must be a string in ASCII format of length 16, 24 or 32
2023-03-09 15:42:29,607 - ERROR - crypto_app.aes_algo - Error during the decryption of a message with DES. The message must be a string
2023-03-09 15:42:29,607 - ERROR - crypto_app.aes_algo - Error during the decryption of a message with DES. The message must be a string
2023-03-09 15:42:29,607 - ERROR - crypto_app.aes_algo - Error during the decryption of a message with DES. The message must be a string
2023-03-09 15:42:29,607 - ERROR - crypto_app.aes_algo - Error during the decryption of a message with DES. The message must be a string
2023-03-09 15:42:29,607 - ERROR - crypto_app.aes_algo - Error during the decryption of a message with DES. The message must be a string
2023-03-09 15:42:29,623 - ERROR - crypto_app.aes_algo - Error during the decryption of a message with DES. The key must be an string in ASCII format of length 16, 24 or 32
2023-03-09 15:42:29,623 - ERROR - crypto_app.aes_algo - Error during the decryption of a message with DES. The key must be an string in ASCII format of length 16, 24 or 32
2023-03-09 15:42:29,623 - ERROR - crypto_app.aes_algo - Error during the decryption of a message with DES. The key must be an string in ASCII format of length 16, 24 or 32
2023-03-09 15:42:29,623 - ERROR - crypto_app.aes_algo - Error during the decryption of a message with DES. The key must be an string in ASCII format of length 16, 24 or 32
2023-03-09 15:42:29,623 - ERROR - crypto_app.aes_algo - Error during the decryption of a message with DES. The key must be an string in ASCII format of length 16, 24 or 32
2023-03-09 15:42:29,623 - ERROR - crypto_app.aes_algo - Error during the decryption of a message with DES. The key must be an string in ASCII format of length 16, 24 or 32
2023-03-09 15:42:29,623 - ERROR - crypto_app.aes_algo - Error during the decryption of a message with DES. The key must be an string in ASCII format of length 16, 24 or 32
2023-03-09 15:42:29,623 - ERROR - crypto_app.aes_algo - Error during the decryption of a message with DES. The key must be an string in ASCII format of length 16, 24 or 32
2023-03-09 15:42:29,623 - ERROR - crypto_app.aes_algo - Error during the decryption of a message with DES. The key must be an string in ASCII format of length 16, 24 or 32
2023-03-09 15:42:29,623 - ERROR - crypto_app.aes_algo - Error during the decryption of a message with DES. The key must be an string in ASCII format of length 16, 24 or 32
2023-03-09 15:42:29,623 - ERROR - crypto_app.aes_algo - Error during the decryption of a message with DES. The key must be an string in ASCII format of length 16, 24 or 32
2023-03-09 15:42:29,623 - ERROR - crypto_app.aes_algo - Error during the decryption of a message with DES. The key must be an string in ASCII format of length 16, 24 or 32
2023-03-09 15:42:29,623 - ERROR - crypto_app.aes_algo - Error during the decryption of a message with DES. The key must be an string in ASCII format of length 16, 24 or 32
2023-03-09 15:42:29,623 - ERROR - crypto_app.aes_algo - Error during the decryption of a message with DES. The key must be an string in ASCII format of length 16, 24 or 32
2023-03-09 15:42:29,623 - ERROR - crypto_app.aes_algo - Error during the decryption of a message with DES. The key must be an string in ASCII format of length 16, 24 or 32
2023-03-09 15:42:29,623 - ERROR - crypto_app.aes_algo - Error during the decryption of a message with DES. The key must be an string in ASCII format of length 16, 24 or 32
2023-03-09 15:42:29,623 - ERROR - crypto_app.aes_algo - Error during the decryption of a message with DES. The key must be an string in ASCII format of length 16, 24 or 32
2023-03-09 15:42:29,623 - ERROR - crypto_app.aes_algo - Error during the decryption of a message with DES. The key must be an string in ASCII format of length 16, 24 or 32
2023-03-09 15:42:29,623 - ERROR - crypto_app.aes_algo - Error during the decryption of a message with DES. The key must be an string in ASCII format of length 16, 24 or 32
2023-03-09 15:42:29,623 - ERROR - crypto_app.aes_algo - Error during the decryption of a message with DES. The key must be an string in ASCII format of length 16, 24 or 32
2023-03-09 15:42:29,623 - ERROR - crypto_app.aes_algo - Error during the decryption of a message with DES. The key must be an string in ASCII format of length 16, 24 or 32
2023-03-09 15:42:38,888 - ERROR - crypto_app.aes_algo - Error during the encryption of a message with DES. The message must be a string
2023-03-09 15:42:38,888 - ERROR - crypto_app.aes_algo - Error during the encryption of a message with DES. The message must be a string
2023-03-09 15:42:38,888 - ERROR - crypto_app.aes_algo - Error during the encryption of a message with DES. The key must be a string in ASCII format of length 16, 24 or 32
2023-03-09 15:42:38,888 - ERROR - crypto_app.aes_algo - Error during the encryption of a message with DES. The key must be a string in ASCII format of length 16, 24 or 32
2023-03-09 15:42:38,888 - ERROR - crypto_app.aes_algo - Error during the encryption of a message with DES. The key must be a string in ASCII format of length 16, 24 or 32
2023-03-09 15:42:38,888 - ERROR - crypto_app.aes_algo - Error during the encryption of a message with DES. The key must be a string in ASCII format of length 16, 24 or 32
2023-03-09 15:42:38,888 - ERROR - crypto_app.aes_algo - Error during the encryption of a message with DES. The key must be a string in ASCII format of length 16, 24 or 32
2023-03-09 15:42:38,888 - ERROR - crypto_app.aes_algo - Error during the encryption of a message with DES. The key must be a string in ASCII format of length 16, 24 or 32
2023-03-09 15:42:38,888 - ERROR - crypto_app.aes_algo - Error during the encryption of a message with DES. The key must be a string in ASCII format of length 16, 24 or 32
2023-03-09 15:42:38,888 - ERROR - crypto_app.aes_algo - Error during the decryption of a message with DES. The message must be a string
2023-03-09 15:42:38,888 - ERROR - crypto_app.aes_algo - Error during the decryption of a message with DES. The message must be a string
2023-03-09 15:42:38,888 - ERROR - crypto_app.aes_algo - Error during the decryption of a message with DES. The message must be a string
2023-03-09 15:42:38,888 - ERROR - crypto_app.aes_algo - Error during the decryption of a message with DES. The message must be a string
2023-03-09 15:42:38,888 - ERROR - crypto_app.aes_algo - Error during the decryption of a message with DES. The message must be a string
2023-03-09 15:42:38,888 - ERROR - crypto_app.aes_algo - Error during the decryption of a message with DES. The key must be an string in ASCII format of length 16, 24 or 32
2023-03-09 15:42:38,888 - ERROR - crypto_app.aes_algo - Error during the decryption of a message with DES. The key must be an string in ASCII format of length 16, 24 or 32
2023-03-09 15:42:38,888 - ERROR - crypto_app.aes_algo - Error during the decryption of a message with DES. The key must be an string in ASCII format of length 16, 24 or 32
2023-03-09 15:42:38,888 - ERROR - crypto_app.aes_algo - Error during the decryption of a message with DES. The key must be an string in ASCII format of length 16, 24 or 32
2023-03-09 15:42:38,888 - ERROR - crypto_app.aes_algo - Error during the decryption of a message with DES. The key must be an string in ASCII format of length 16, 24 or 32
2023-03-09 15:42:38,888 - ERROR - crypto_app.aes_algo - Error during the decryption of a message with DES. The key must be an string in ASCII format of length 16, 24 or 32
2023-03-09 15:42:38,888 - ERROR - crypto_app.aes_algo - Error during the decryption of a message with DES. The key must be an string in ASCII format of length 16, 24 or 32
2023-03-09 15:42:38,888 - ERROR - crypto_app.aes_algo - Error during the decryption of a message with DES. The key must be an string in ASCII format of length 16, 24 or 32
2023-03-09 15:42:38,888 - ERROR - crypto_app.aes_algo - Error during the decryption of a message with DES. The key must be an string in ASCII format of length 16, 24 or 32
2023-03-09 15:42:38,888 - ERROR - crypto_app.aes_algo - Error during the decryption of a message with DES. The key must be an string in ASCII format of length 16, 24 or 32
2023-03-09 15:42:38,888 - ERROR - crypto_app.aes_algo - Error during the decryption of a message with DES. The key must be an string in ASCII format of length 16, 24 or 32
2023-03-09 15:42:38,888 - ERROR - crypto_app.aes_algo - Error during the decryption of a message with DES. The key must be an string in ASCII format of length 16, 24 or 32
2023-03-09 15:42:38,888 - ERROR - crypto_app.aes_algo - Error during the decryption of a message with DES. The key must be an string in ASCII format of length 16, 24 or 32
2023-03-09 15:42:38,905 - ERROR - crypto_app.aes_algo - Error during the decryption of a message with DES. The key must be an string in ASCII format of length 16, 24 or 32
2023-03-09 15:42:38,905 - ERROR - crypto_app.aes_algo - Error during the decryption of a message with DES. The key must be an string in ASCII format of length 16, 24 or 32
2023-03-09 15:42:38,905 - ERROR - crypto_app.aes_algo - Error during the decryption of a message with DES. The key must be an string in ASCII format of length 16, 24 or 32
2023-03-09 15:42:38,905 - ERROR - crypto_app.aes_algo - Error during the decryption of a message with DES. The key must be an string in ASCII format of length 16, 24 or 32
2023-03-09 15:42:38,905 - ERROR - crypto_app.aes_algo - Error during the decryption of a message with DES. The key must be an string in ASCII format of length 16, 24 or 32
2023-03-09 15:42:38,905 - ERROR - crypto_app.aes_algo - Error during the decryption of a message with DES. The key must be an string in ASCII format of length 16, 24 or 32
2023-03-09 15:42:38,905 - ERROR - crypto_app.aes_algo - Error during the decryption of a message with DES. The key must be an string in ASCII format of length 16, 24 or 32
2023-03-09 15:42:38,905 - ERROR - crypto_app.aes_algo - Error during the decryption of a message with DES. The key must be an string in ASCII format of length 16, 24 or 32
2023-03-09 15:43:26,168 - ERROR - crypto_app.aes_algo - Error during the encryption of a message with DES. The message must be a string
2023-03-09 15:43:26,168 - ERROR - crypto_app.aes_algo - Error during the encryption of a message with DES. The message must be a string
2023-03-09 15:43:26,168 - ERROR - crypto_app.aes_algo - Error during the encryption of a message with DES. The key must be a string in ASCII format of length 16, 24 or 32
2023-03-09 15:43:26,168 - ERROR - crypto_app.aes_algo - Error during the encryption of a message with DES. The key must be a string in ASCII format of length 16, 24 or 32
2023-03-09 15:43:26,168 - ERROR - crypto_app.aes_algo - Error during the encryption of a message with DES. The key must be a string in ASCII format of length 16, 24 or 32
2023-03-09 15:43:26,177 - ERROR - crypto_app.aes_algo - Error during the encryption of a message with DES. The key must be a string in ASCII format of length 16, 24 or 32
2023-03-09 15:43:26,177 - ERROR - crypto_app.aes_algo - Error during the encryption of a message with DES. The key must be a string in ASCII format of length 16, 24 or 32
2023-03-09 15:43:26,177 - ERROR - crypto_app.aes_algo - Error during the encryption of a message with DES. The key must be a string in ASCII format of length 16, 24 or 32
2023-03-09 15:43:26,177 - ERROR - crypto_app.aes_algo - Error during the encryption of a message with DES. The key must be a string in ASCII format of length 16, 24 or 32
2023-03-09 15:43:26,177 - ERROR - crypto_app.aes_algo - Error during the decryption of a message with DES. The message must be a string
2023-03-09 15:43:26,177 - ERROR - crypto_app.aes_algo - Error during the decryption of a message with DES. The message must be a string
2023-03-09 15:43:26,177 - ERROR - crypto_app.aes_algo - Error during the decryption of a message with DES. The message must be a string
2023-03-09 15:43:26,177 - ERROR - crypto_app.aes_algo - Error during the decryption of a message with DES. The message must be a string
2023-03-09 15:43:26,177 - ERROR - crypto_app.aes_algo - Error during the decryption of a message with DES. The message must be a string
2023-03-09 15:43:26,177 - ERROR - crypto_app.aes_algo - Error during the decryption of a message with DES. The key must be an string in ASCII format of length 16, 24 or 32
2023-03-09 15:43:26,177 - ERROR - crypto_app.aes_algo - Error during the decryption of a message with DES. The key must be an string in ASCII format of length 16, 24 or 32
2023-03-09 15:43:26,177 - ERROR - crypto_app.aes_algo - Error during the decryption of a message with DES. The key must be an string in ASCII format of length 16, 24 or 32
2023-03-09 15:43:26,177 - ERROR - crypto_app.aes_algo - Error during the decryption of a message with DES. The key must be an string in ASCII format of length 16, 24 or 32
2023-03-09 15:43:26,177 - ERROR - crypto_app.aes_algo - Error during the decryption of a message with DES. The key must be an string in ASCII format of length 16, 24 or 32
2023-03-09 15:43:26,177 - ERROR - crypto_app.aes_algo - Error during the decryption of a message with DES. The key must be an string in ASCII format of length 16, 24 or 32
2023-03-09 15:43:26,177 - ERROR - crypto_app.aes_algo - Error during the decryption of a message with DES. The key must be an string in ASCII format of length 16, 24 or 32
2023-03-09 15:43:26,177 - ERROR - crypto_app.aes_algo - Error during the decryption of a message with DES. The key must be an string in ASCII format of length 16, 24 or 32
2023-03-09 15:43:26,177 - ERROR - crypto_app.aes_algo - Error during the decryption of a message with DES. The key must be an string in ASCII format of length 16, 24 or 32
2023-03-09 15:43:26,177 - ERROR - crypto_app.aes_algo - Error during the decryption of a message with DES. The key must be an string in ASCII format of length 16, 24 or 32
2023-03-09 15:43:26,177 - ERROR - crypto_app.aes_algo - Error during the decryption of a message with DES. The key must be an string in ASCII format of length 16, 24 or 32
2023-03-09 15:43:26,177 - ERROR - crypto_app.aes_algo - Error during the decryption of a message with DES. The key must be an string in ASCII format of length 16, 24 or 32
2023-03-09 15:43:26,177 - ERROR - crypto_app.aes_algo - Error during the decryption of a message with DES. The key must be an string in ASCII format of length 16, 24 or 32
2023-03-09 15:43:26,177 - ERROR - crypto_app.aes_algo - Error during the decryption of a message with DES. The key must be an string in ASCII format of length 16, 24 or 32
2023-03-09 15:43:26,177 - ERROR - crypto_app.aes_algo - Error during the decryption of a message with DES. The key must be an string in ASCII format of length 16, 24 or 32
2023-03-09 15:43:26,177 - ERROR - crypto_app.aes_algo - Error during the decryption of a message with DES. The key must be an string in ASCII format of length 16, 24 or 32
2023-03-09 15:43:26,177 - ERROR - crypto_app.aes_algo - Error during the decryption of a message with DES. The key must be an string in ASCII format of length 16, 24 or 32
2023-03-09 15:43:26,177 - ERROR - crypto_app.aes_algo - Error during the decryption of a message with DES. The key must be an string in ASCII format of length 16, 24 or 32
2023-03-09 15:43:26,177 - ERROR - crypto_app.aes_algo - Error during the decryption of a message with DES. The key must be an string in ASCII format of length 16, 24 or 32
2023-03-09 15:43:26,177 - ERROR - crypto_app.aes_algo - Error during the decryption of a message with DES. The key must be an string in ASCII format of length 16, 24 or 32
2023-03-09 15:43:26,177 - ERROR - crypto_app.aes_algo - Error during the decryption of a message with DES. The key must be an string in ASCII format of length 16, 24 or 32
2023-03-09 15:43:34,063 - ERROR - crypto_app.aes_algo - Error during the encryption of a message with DES. The message must be a string
2023-03-09 15:43:34,063 - ERROR - crypto_app.aes_algo - Error during the encryption of a message with DES. The message must be a string
2023-03-09 15:43:34,063 - ERROR - crypto_app.aes_algo - Error during the encryption of a message with DES. The key must be a string in ASCII format of length 16, 24 or 32
2023-03-09 15:43:34,063 - ERROR - crypto_app.aes_algo - Error during the encryption of a message with DES. The key must be a string in ASCII format of length 16, 24 or 32
2023-03-09 15:43:34,063 - ERROR - crypto_app.aes_algo - Error during the encryption of a message with DES. The key must be a string in ASCII format of length 16, 24 or 32
2023-03-09 15:43:34,063 - ERROR - crypto_app.aes_algo - Error during the encryption of a message with DES. The key must be a string in ASCII format of length 16, 24 or 32
2023-03-09 15:43:34,063 - ERROR - crypto_app.aes_algo - Error during the encryption of a message with DES. The key must be a string in ASCII format of length 16, 24 or 32
2023-03-09 15:43:34,063 - ERROR - crypto_app.aes_algo - Error during the encryption of a message with DES. The key must be a string in ASCII format of length 16, 24 or 32
2023-03-09 15:43:34,063 - ERROR - crypto_app.aes_algo - Error during the encryption of a message with DES. The key must be a string in ASCII format of length 16, 24 or 32
2023-03-09 15:43:34,079 - ERROR - crypto_app.aes_algo - Error during the decryption of a message with DES. The message must be a string
2023-03-09 15:43:34,079 - ERROR - crypto_app.aes_algo - Error during the decryption of a message with DES. The message must be a string
2023-03-09 15:43:34,079 - ERROR - crypto_app.aes_algo - Error during the decryption of a message with DES. The message must be a string
2023-03-09 15:43:34,079 - ERROR - crypto_app.aes_algo - Error during the decryption of a message with DES. The message must be a string
2023-03-09 15:43:34,079 - ERROR - crypto_app.aes_algo - Error during the decryption of a message with DES. The message must be a string
2023-03-09 15:43:34,079 - ERROR - crypto_app.aes_algo - Error during the decryption of a message with DES. The key must be an string in ASCII format of length 16, 24 or 32
2023-03-09 15:43:34,079 - ERROR - crypto_app.aes_algo - Error during the decryption of a message with DES. The key must be an string in ASCII format of length 16, 24 or 32
2023-03-09 15:43:34,079 - ERROR - crypto_app.aes_algo - Error during the decryption of a message with DES. The key must be an string in ASCII format of length 16, 24 or 32
2023-03-09 15:43:34,079 - ERROR - crypto_app.aes_algo - Error during the decryption of a message with DES. The key must be an string in ASCII format of length 16, 24 or 32
2023-03-09 15:43:34,079 - ERROR - crypto_app.aes_algo - Error during the decryption of a message with DES. The key must be an string in ASCII format of length 16, 24 or 32
2023-03-09 15:43:34,079 - ERROR - crypto_app.aes_algo - Error during the decryption of a message with DES. The key must be an string in ASCII format of length 16, 24 or 32
2023-03-09 15:43:34,079 - ERROR - crypto_app.aes_algo - Error during the decryption of a message with DES. The key must be an string in ASCII format of length 16, 24 or 32
2023-03-09 15:43:34,079 - ERROR - crypto_app.aes_algo - Error during the decryption of a message with DES. The key must be an string in ASCII format of length 16, 24 or 32
2023-03-09 15:43:34,079 - ERROR - crypto_app.aes_algo - Error during the decryption of a message with DES. The key must be an string in ASCII format of length 16, 24 or 32
2023-03-09 15:43:34,079 - ERROR - crypto_app.aes_algo - Error during the decryption of a message with DES. The key must be an string in ASCII format of length 16, 24 or 32
2023-03-09 15:43:34,079 - ERROR - crypto_app.aes_algo - Error during the decryption of a message with DES. The key must be an string in ASCII format of length 16, 24 or 32
2023-03-09 15:43:34,079 - ERROR - crypto_app.aes_algo - Error during the decryption of a message with DES. The key must be an string in ASCII format of length 16, 24 or 32
2023-03-09 15:43:34,079 - ERROR - crypto_app.aes_algo - Error during the decryption of a message with DES. The key must be an string in ASCII format of length 16, 24 or 32
2023-03-09 15:43:34,079 - ERROR - crypto_app.aes_algo - Error during the decryption of a message with DES. The key must be an string in ASCII format of length 16, 24 or 32
2023-03-09 15:43:34,079 - ERROR - crypto_app.aes_algo - Error during the decryption of a message with DES. The key must be an string in ASCII format of length 16, 24 or 32
2023-03-09 15:43:34,079 - ERROR - crypto_app.aes_algo - Error during the decryption of a message with DES. The key must be an string in ASCII format of length 16, 24 or 32
2023-03-09 15:43:34,079 - ERROR - crypto_app.aes_algo - Error during the decryption of a message with DES. The key must be an string in ASCII format of length 16, 24 or 32
2023-03-09 15:43:34,079 - ERROR - crypto_app.aes_algo - Error during the decryption of a message with DES. The key must be an string in ASCII format of length 16, 24 or 32
2023-03-09 15:43:34,079 - ERROR - crypto_app.aes_algo - Error during the decryption of a message with DES. The key must be an string in ASCII format of length 16, 24 or 32
2023-03-09 15:43:34,079 - ERROR - crypto_app.aes_algo - Error during the decryption of a message with DES. The key must be an string in ASCII format of length 16, 24 or 32
2023-03-09 15:43:34,079 - ERROR - crypto_app.aes_algo - Error during the decryption of a message with DES. The key must be an string in ASCII format of length 16, 24 or 32
2023-03-09 16:34:22,650 - ERROR - crypto_app.aes_algo - Error during the encryption of a message with DES. The message must be a string
2023-03-09 16:34:22,650 - ERROR - crypto_app.aes_algo - Error during the encryption of a message with DES. The message must be a string
2023-03-09 16:34:22,650 - ERROR - crypto_app.aes_algo - Error during the encryption of a message with DES. The key must be a string in ASCII format of length 16, 24 or 32
2023-03-09 16:34:22,650 - ERROR - crypto_app.aes_algo - Error during the encryption of a message with DES. The key must be a string in ASCII format of length 16, 24 or 32
2023-03-09 16:34:22,650 - ERROR - crypto_app.aes_algo - Error during the encryption of a message with DES. The key must be a string in ASCII format of length 16, 24 or 32
2023-03-09 16:34:22,650 - ERROR - crypto_app.aes_algo - Error during the encryption of a message with DES. The key must be a string in ASCII format of length 16, 24 or 32
2023-03-09 16:34:22,650 - ERROR - crypto_app.aes_algo - Error during the encryption of a message with DES. The key must be a string in ASCII format of length 16, 24 or 32
2023-03-09 16:34:22,650 - ERROR - crypto_app.aes_algo - Error during the encryption of a message with DES. The key must be a string in ASCII format of length 16, 24 or 32
2023-03-09 16:34:22,650 - ERROR - crypto_app.aes_algo - Error during the encryption of a message with DES. The key must be a string in ASCII format of length 16, 24 or 32
2023-03-09 16:34:22,650 - ERROR - crypto_app.aes_algo - Error during the decryption of a message with DES. The message must be a string
2023-03-09 16:34:22,650 - ERROR - crypto_app.aes_algo - Error during the decryption of a message with DES. The message must be a string
2023-03-09 16:34:22,650 - ERROR - crypto_app.aes_algo - Error during the decryption of a message with DES. The message must be a string
2023-03-09 16:34:22,650 - ERROR - crypto_app.aes_algo - Error during the decryption of a message with DES. The message must be a string
2023-03-09 16:34:22,650 - ERROR - crypto_app.aes_algo - Error during the decryption of a message with DES. The message must be a string
2023-03-09 16:34:22,650 - ERROR - crypto_app.aes_algo - Error during the decryption of a message with DES. The key must be an string in ASCII format of length 16, 24 or 32
2023-03-09 16:34:22,650 - ERROR - crypto_app.aes_algo - Error during the decryption of a message with DES. The key must be an string in ASCII format of length 16, 24 or 32
2023-03-09 16:34:22,650 - ERROR - crypto_app.aes_algo - Error during the decryption of a message with DES. The key must be an string in ASCII format of length 16, 24 or 32
2023-03-09 16:34:22,650 - ERROR - crypto_app.aes_algo - Error during the decryption of a message with DES. The key must be an string in ASCII format of length 16, 24 or 32
2023-03-09 16:34:22,650 - ERROR - crypto_app.aes_algo - Error during the decryption of a message with DES. The key must be an string in ASCII format of length 16, 24 or 32
2023-03-09 16:34:22,650 - ERROR - crypto_app.aes_algo - Error during the decryption of a message with DES. The key must be an string in ASCII format of length 16, 24 or 32
2023-03-09 16:34:22,650 - ERROR - crypto_app.aes_algo - Error during the decryption of a message with DES. The key must be an string in ASCII format of length 16, 24 or 32
2023-03-09 16:34:22,650 - ERROR - crypto_app.aes_algo - Error during the decryption of a message with DES. The key must be an string in ASCII format of length 16, 24 or 32
2023-03-09 16:34:22,650 - ERROR - crypto_app.aes_algo - Error during the decryption of a message with DES. The key must be an string in ASCII format of length 16, 24 or 32
2023-03-09 16:34:22,650 - ERROR - crypto_app.aes_algo - Error during the decryption of a message with DES. The key must be an string in ASCII format of length 16, 24 or 32
2023-03-09 16:34:22,650 - ERROR - crypto_app.aes_algo - Error during the decryption of a message with DES. The key must be an string in ASCII format of length 16, 24 or 32
2023-03-09 16:34:22,650 - ERROR - crypto_app.aes_algo - Error during the decryption of a message with DES. The key must be an string in ASCII format of length 16, 24 or 32
2023-03-09 16:34:22,650 - ERROR - crypto_app.aes_algo - Error during the decryption of a message with DES. The key must be an string in ASCII format of length 16, 24 or 32
2023-03-09 16:34:22,663 - ERROR - crypto_app.aes_algo - Error during the decryption of a message with DES. The key must be an string in ASCII format of length 16, 24 or 32
2023-03-09 16:34:22,663 - ERROR - crypto_app.aes_algo - Error during the decryption of a message with DES. The key must be an string in ASCII format of length 16, 24 or 32
2023-03-09 16:34:22,663 - ERROR - crypto_app.aes_algo - Error during the decryption of a message with DES. The key must be an string in ASCII format of length 16, 24 or 32
2023-03-09 16:34:22,663 - ERROR - crypto_app.aes_algo - Error during the decryption of a message with DES. The key must be an string in ASCII format of length 16, 24 or 32
2023-03-09 16:34:22,663 - ERROR - crypto_app.aes_algo - Error during the decryption of a message with DES. The key must be an string in ASCII format of length 16, 24 or 32
2023-03-09 16:34:22,663 - ERROR - crypto_app.aes_algo - Error during the decryption of a message with DES. The key must be an string in ASCII format of length 16, 24 or 32
2023-03-09 16:34:22,663 - ERROR - crypto_app.aes_algo - Error during the decryption of a message with DES. The key must be an string in ASCII format of length 16, 24 or 32
2023-03-09 16:34:22,663 - ERROR - crypto_app.aes_algo - Error during the decryption of a message with DES. The key must be an string in ASCII format of length 16, 24 or 32
2023-03-09 17:02:24,454 - ERROR - crypto_app.aes_algo - Error during the encryption of a message with DES. The message must be a string
2023-03-09 17:02:24,454 - ERROR - crypto_app.aes_algo - Error during the encryption of a message with DES. The message must be a string
2023-03-09 17:02:24,470 - ERROR - crypto_app.aes_algo - Error during the encryption of a message with DES. The key must be a string in ASCII format of length 16, 24 or 32
2023-03-09 17:02:24,470 - ERROR - crypto_app.aes_algo - Error during the encryption of a message with DES. The key must be a string in ASCII format of length 16, 24 or 32
2023-03-09 17:02:24,470 - ERROR - crypto_app.aes_algo - Error during the encryption of a message with DES. The key must be a string in ASCII format of length 16, 24 or 32
2023-03-09 17:02:24,470 - ERROR - crypto_app.aes_algo - Error during the encryption of a message with DES. The key must be a string in ASCII format of length 16, 24 or 32
2023-03-09 17:02:24,470 - ERROR - crypto_app.aes_algo - Error during the encryption of a message with DES. The key must be a string in ASCII format of length 16, 24 or 32
2023-03-09 17:02:24,470 - ERROR - crypto_app.aes_algo - Error during the encryption of a message with DES. The key must be a string in ASCII format of length 16, 24 or 32
2023-03-09 17:02:24,470 - ERROR - crypto_app.aes_algo - Error during the encryption of a message with DES. The key must be a string in ASCII format of length 16, 24 or 32
2023-03-09 17:02:24,470 - ERROR - crypto_app.aes_algo - Error during the decryption of a message with DES. The message must be a string
2023-03-09 17:02:24,470 - ERROR - crypto_app.aes_algo - Error during the decryption of a message with DES. The message must be a string
2023-03-09 17:02:24,470 - ERROR - crypto_app.aes_algo - Error during the decryption of a message with DES. The message must be a string
2023-03-09 17:02:24,470 - ERROR - crypto_app.aes_algo - Error during the decryption of a message with DES. The message must be a string
2023-03-09 17:02:24,470 - ERROR - crypto_app.aes_algo - Error during the decryption of a message with DES. The message must be a string
2023-03-09 17:02:24,470 - ERROR - crypto_app.aes_algo - Error during the decryption of a message with DES. The key must be an string in ASCII format of length 16, 24 or 32
2023-03-09 17:02:24,470 - ERROR - crypto_app.aes_algo - Error during the decryption of a message with DES. The key must be an string in ASCII format of length 16, 24 or 32
2023-03-09 17:02:24,470 - ERROR - crypto_app.aes_algo - Error during the decryption of a message with DES. The key must be an string in ASCII format of length 16, 24 or 32
2023-03-09 17:02:24,470 - ERROR - crypto_app.aes_algo - Error during the decryption of a message with DES. The key must be an string in ASCII format of length 16, 24 or 32
2023-03-09 17:02:24,470 - ERROR - crypto_app.aes_algo - Error during the decryption of a message with DES. The key must be an string in ASCII format of length 16, 24 or 32
2023-03-09 17:02:24,470 - ERROR - crypto_app.aes_algo - Error during the decryption of a message with DES. The key must be an string in ASCII format of length 16, 24 or 32
2023-03-09 17:02:24,470 - ERROR - crypto_app.aes_algo - Error during the decryption of a message with DES. The key must be an string in ASCII format of length 16, 24 or 32
2023-03-09 17:02:24,470 - ERROR - crypto_app.aes_algo - Error during the decryption of a message with DES. The key must be an string in ASCII format of length 16, 24 or 32
2023-03-09 17:02:24,470 - ERROR - crypto_app.aes_algo - Error during the decryption of a message with DES. The key must be an string in ASCII format of length 16, 24 or 32
2023-03-09 17:02:24,470 - ERROR - crypto_app.aes_algo - Error during the decryption of a message with DES. The key must be an string in ASCII format of length 16, 24 or 32
2023-03-09 17:02:24,470 - ERROR - crypto_app.aes_algo - Error during the decryption of a message with DES. The key must be an string in ASCII format of length 16, 24 or 32
2023-03-09 17:02:24,470 - ERROR - crypto_app.aes_algo - Error during the decryption of a message with DES. The key must be an string in ASCII format of length 16, 24 or 32
2023-03-09 17:02:24,470 - ERROR - crypto_app.aes_algo - Error during the decryption of a message with DES. The key must be an string in ASCII format of length 16, 24 or 32
2023-03-09 17:02:24,470 - ERROR - crypto_app.aes_algo - Error during the decryption of a message with DES. The key must be an string in ASCII format of length 16, 24 or 32
2023-03-09 17:02:24,470 - ERROR - crypto_app.aes_algo - Error during the decryption of a message with DES. The key must be an string in ASCII format of length 16, 24 or 32
2023-03-09 17:02:24,470 - ERROR - crypto_app.aes_algo - Error during the decryption of a message with DES. The key must be an string in ASCII format of length 16, 24 or 32
2023-03-09 17:02:24,470 - ERROR - crypto_app.aes_algo - Error during the decryption of a message with DES. The key must be an string in ASCII format of length 16, 24 or 32
2023-03-09 17:02:24,470 - ERROR - crypto_app.aes_algo - Error during the decryption of a message with DES. The key must be an string in ASCII format of length 16, 24 or 32
2023-03-09 17:02:24,470 - ERROR - crypto_app.aes_algo - Error during the decryption of a message with DES. The key must be an string in ASCII format of length 16, 24 or 32
2023-03-09 17:02:24,470 - ERROR - crypto_app.aes_algo - Error during the decryption of a message with DES. The key must be an string in ASCII format of length 16, 24 or 32
2023-03-09 17:02:24,470 - ERROR - crypto_app.aes_algo - Error during the decryption of a message with DES. The key must be an string in ASCII format of length 16, 24 or 32
2023-03-09 17:02:42,014 - ERROR - crypto_app.aes_algo - Error during the encryption of a message with DES. The message must be a string
2023-03-09 17:02:42,014 - ERROR - crypto_app.aes_algo - Error during the encryption of a message with DES. The message must be a string
2023-03-09 17:02:42,014 - ERROR - crypto_app.aes_algo - Error during the encryption of a message with DES. The key must be a string in ASCII format of length 16, 24 or 32
2023-03-09 17:02:42,014 - ERROR - crypto_app.aes_algo - Error during the encryption of a message with DES. The key must be a string in ASCII format of length 16, 24 or 32
2023-03-09 17:02:42,014 - ERROR - crypto_app.aes_algo - Error during the encryption of a message with DES. The key must be a string in ASCII format of length 16, 24 or 32
2023-03-09 17:02:42,029 - ERROR - crypto_app.aes_algo - Error during the encryption of a message with DES. The key must be a string in ASCII format of length 16, 24 or 32
2023-03-09 17:02:42,029 - ERROR - crypto_app.aes_algo - Error during the encryption of a message with DES. The key must be a string in ASCII format of length 16, 24 or 32
2023-03-09 17:02:42,029 - ERROR - crypto_app.aes_algo - Error during the encryption of a message with DES. The key must be a string in ASCII format of length 16, 24 or 32
2023-03-09 17:02:42,029 - ERROR - crypto_app.aes_algo - Error during the encryption of a message with DES. The key must be a string in ASCII format of length 16, 24 or 32
2023-03-09 17:02:42,029 - ERROR - crypto_app.aes_algo - Error during the decryption of a message with DES. The message must be a string
2023-03-09 17:02:42,029 - ERROR - crypto_app.aes_algo - Error during the decryption of a message with DES. The message must be a string
2023-03-09 17:02:42,029 - ERROR - crypto_app.aes_algo - Error during the decryption of a message with DES. The message must be a string
2023-03-09 17:02:42,029 - ERROR - crypto_app.aes_algo - Error during the decryption of a message with DES. The message must be a string
2023-03-09 17:02:42,029 - ERROR - crypto_app.aes_algo - Error during the decryption of a message with DES. The message must be a string
2023-03-09 17:02:42,029 - ERROR - crypto_app.aes_algo - Error during the decryption of a message with DES. The key must be an string in ASCII format of length 16, 24 or 32
2023-03-09 17:02:42,029 - ERROR - crypto_app.aes_algo - Error during the decryption of a message with DES. The key must be an string in ASCII format of length 16, 24 or 32
2023-03-09 17:02:42,029 - ERROR - crypto_app.aes_algo - Error during the decryption of a message with DES. The key must be an string in ASCII format of length 16, 24 or 32
2023-03-09 17:02:42,029 - ERROR - crypto_app.aes_algo - Error during the decryption of a message with DES. The key must be an string in ASCII format of length 16, 24 or 32
2023-03-09 17:02:42,029 - ERROR - crypto_app.aes_algo - Error during the decryption of a message with DES. The key must be an string in ASCII format of length 16, 24 or 32
2023-03-09 17:02:42,029 - ERROR - crypto_app.aes_algo - Error during the decryption of a message with DES. The key must be an string in ASCII format of length 16, 24 or 32
2023-03-09 17:02:42,029 - ERROR - crypto_app.aes_algo - Error during the decryption of a message with DES. The key must be an string in ASCII format of length 16, 24 or 32
2023-03-09 17:02:42,029 - ERROR - crypto_app.aes_algo - Error during the decryption of a message with DES. The key must be an string in ASCII format of length 16, 24 or 32
2023-03-09 17:02:42,029 - ERROR - crypto_app.aes_algo - Error during the decryption of a message with DES. The key must be an string in ASCII format of length 16, 24 or 32
2023-03-09 17:02:42,029 - ERROR - crypto_app.aes_algo - Error during the decryption of a message with DES. The key must be an string in ASCII format of length 16, 24 or 32
2023-03-09 17:02:42,029 - ERROR - crypto_app.aes_algo - Error during the decryption of a message with DES. The key must be an string in ASCII format of length 16, 24 or 32
2023-03-09 17:02:42,029 - ERROR - crypto_app.aes_algo - Error during the decryption of a message with DES. The key must be an string in ASCII format of length 16, 24 or 32
2023-03-09 17:02:42,029 - ERROR - crypto_app.aes_algo - Error during the decryption of a message with DES. The key must be an string in ASCII format of length 16, 24 or 32
2023-03-09 17:02:42,029 - ERROR - crypto_app.aes_algo - Error during the decryption of a message with DES. The key must be an string in ASCII format of length 16, 24 or 32
2023-03-09 17:02:42,029 - ERROR - crypto_app.aes_algo - Error during the decryption of a message with DES. The key must be an string in ASCII format of length 16, 24 or 32
2023-03-09 17:02:42,029 - ERROR - crypto_app.aes_algo - Error during the decryption of a message with DES. The key must be an string in ASCII format of length 16, 24 or 32
2023-03-09 17:02:42,029 - ERROR - crypto_app.aes_algo - Error during the decryption of a message with DES. The key must be an string in ASCII format of length 16, 24 or 32
2023-03-09 17:02:42,029 - ERROR - crypto_app.aes_algo - Error during the decryption of a message with DES. The key must be an string in ASCII format of length 16, 24 or 32
2023-03-09 17:02:42,029 - ERROR - crypto_app.aes_algo - Error during the decryption of a message with DES. The key must be an string in ASCII format of length 16, 24 or 32
2023-03-09 17:02:42,029 - ERROR - crypto_app.aes_algo - Error during the decryption of a message with DES. The key must be an string in ASCII format of length 16, 24 or 32
2023-03-09 17:02:42,029 - ERROR - crypto_app.aes_algo - Error during the decryption of a message with DES. The key must be an string in ASCII format of length 16, 24 or 32
2023-03-10 11:39:36,762 - ERROR - crypto_app.aes_algo - Error during the encryption of a message with DES. The message must be a string
2023-03-10 11:39:36,762 - ERROR - crypto_app.aes_algo - Error during the encryption of a message with DES. The message must be a string
2023-03-10 11:39:36,762 - ERROR - crypto_app.aes_algo - Error during the encryption of a message with DES. The key must be a string in ASCII format of length 16, 24 or 32
2023-03-10 11:39:36,762 - ERROR - crypto_app.aes_algo - Error during the encryption of a message with DES. The key must be a string in ASCII format of length 16, 24 or 32
2023-03-10 11:39:36,762 - ERROR - crypto_app.aes_algo - Error during the encryption of a message with DES. The key must be a string in ASCII format of length 16, 24 or 32
2023-03-10 11:39:36,774 - ERROR - crypto_app.aes_algo - Error during the encryption of a message with DES. The key must be a string in ASCII format of length 16, 24 or 32
2023-03-10 11:39:36,774 - ERROR - crypto_app.aes_algo - Error during the encryption of a message with DES. The key must be a string in ASCII format of length 16, 24 or 32
2023-03-10 11:39:36,774 - ERROR - crypto_app.aes_algo - Error during the encryption of a message with DES. The key must be a string in ASCII format of length 16, 24 or 32
2023-03-10 11:39:36,774 - ERROR - crypto_app.aes_algo - Error during the encryption of a message with DES. The key must be a string in ASCII format of length 16, 24 or 32
2023-03-10 11:39:36,774 - ERROR - crypto_app.aes_algo - Error during the decryption of a message with DES. The message must be a string
2023-03-10 11:39:36,774 - ERROR - crypto_app.aes_algo - Error during the decryption of a message with DES. The message must be a string
2023-03-10 11:39:36,774 - ERROR - crypto_app.aes_algo - Error during the decryption of a message with DES. The message must be a string
2023-03-10 11:39:36,774 - ERROR - crypto_app.aes_algo - Error during the decryption of a message with DES. The message must be a string
2023-03-10 11:39:36,774 - ERROR - crypto_app.aes_algo - Error during the decryption of a message with DES. The message must be a string
2023-03-10 11:39:36,774 - ERROR - crypto_app.aes_algo - Error during the decryption of a message with DES. The key must be an string in ASCII format of length 16, 24 or 32
2023-03-10 11:39:36,774 - ERROR - crypto_app.aes_algo - Error during the decryption of a message with DES. The key must be an string in ASCII format of length 16, 24 or 32
2023-03-10 11:39:36,774 - ERROR - crypto_app.aes_algo - Error during the decryption of a message with DES. The key must be an string in ASCII format of length 16, 24 or 32
2023-03-10 11:39:36,774 - ERROR - crypto_app.aes_algo - Error during the decryption of a message with DES. The key must be an string in ASCII format of length 16, 24 or 32
2023-03-10 11:39:36,774 - ERROR - crypto_app.aes_algo - Error during the decryption of a message with DES. The key must be an string in ASCII format of length 16, 24 or 32
2023-03-10 11:39:36,774 - ERROR - crypto_app.aes_algo - Error during the decryption of a message with DES. The key must be an string in ASCII format of length 16, 24 or 32
2023-03-10 11:39:36,774 - ERROR - crypto_app.aes_algo - Error during the decryption of a message with DES. The key must be an string in ASCII format of length 16, 24 or 32
2023-03-10 11:39:36,774 - ERROR - crypto_app.aes_algo - Error during the decryption of a message with DES. The key must be an string in ASCII format of length 16, 24 or 32
2023-03-10 11:39:36,774 - ERROR - crypto_app.aes_algo - Error during the decryption of a message with DES. The key must be an string in ASCII format of length 16, 24 or 32
2023-03-10 11:39:36,774 - ERROR - crypto_app.aes_algo - Error during the decryption of a message with DES. The key must be an string in ASCII format of length 16, 24 or 32
2023-03-10 11:39:36,774 - ERROR - crypto_app.aes_algo - Error during the decryption of a message with DES. The key must be an string in ASCII format of length 16, 24 or 32
2023-03-10 11:39:36,774 - ERROR - crypto_app.aes_algo - Error during the decryption of a message with DES. The key must be an string in ASCII format of length 16, 24 or 32
2023-03-10 11:39:36,774 - ERROR - crypto_app.aes_algo - Error during the decryption of a message with DES. The key must be an string in ASCII format of length 16, 24 or 32
2023-03-10 11:39:36,774 - ERROR - crypto_app.aes_algo - Error during the decryption of a message with DES. The key must be an string in ASCII format of length 16, 24 or 32
2023-03-10 11:39:36,774 - ERROR - crypto_app.aes_algo - Error during the decryption of a message with DES. The key must be an string in ASCII format of length 16, 24 or 32
2023-03-10 11:39:36,774 - ERROR - crypto_app.aes_algo - Error during the decryption of a message with DES. The key must be an string in ASCII format of length 16, 24 or 32
2023-03-10 11:39:36,774 - ERROR - crypto_app.aes_algo - Error during the decryption of a message with DES. The key must be an string in ASCII format of length 16, 24 or 32
2023-03-10 11:39:36,774 - ERROR - crypto_app.aes_algo - Error during the decryption of a message with DES. The key must be an string in ASCII format of length 16, 24 or 32
2023-03-10 11:39:36,774 - ERROR - crypto_app.aes_algo - Error during the decryption of a message with DES. The key must be an string in ASCII format of length 16, 24 or 32
2023-03-10 11:39:36,774 - ERROR - crypto_app.aes_algo - Error during the decryption of a message with DES. The key must be an string in ASCII format of length 16, 24 or 32
2023-03-10 11:39:36,774 - ERROR - crypto_app.aes_algo - Error during the decryption of a message with DES. The key must be an string in ASCII format of length 16, 24 or 32
2023-03-10 11:49:02,703 - ERROR - crypto_app.aes_algo - Error during the encryption of a message with DES. The message must be a string
2023-03-10 11:49:02,703 - ERROR - crypto_app.aes_algo - Error during the encryption of a message with DES. The message must be a string
2023-03-10 11:49:02,703 - ERROR - crypto_app.aes_algo - Error during the encryption of a message with DES. The key must be a string in ASCII format of length 16, 24 or 32
2023-03-10 11:49:02,703 - ERROR - crypto_app.aes_algo - Error during the encryption of a message with DES. The key must be a string in ASCII format of length 16, 24 or 32
2023-03-10 11:49:02,703 - ERROR - crypto_app.aes_algo - Error during the encryption of a message with DES. The key must be a string in ASCII format of length 16, 24 or 32
2023-03-10 11:49:02,703 - ERROR - crypto_app.aes_algo - Error during the encryption of a message with DES. The key must be a string in ASCII format of length 16, 24 or 32
2023-03-10 11:49:02,703 - ERROR - crypto_app.aes_algo - Error during the encryption of a message with DES. The key must be a string in ASCII format of length 16, 24 or 32
2023-03-10 11:49:02,703 - ERROR - crypto_app.aes_algo - Error during the encryption of a message with DES. The key must be a string in ASCII format of length 16, 24 or 32
2023-03-10 11:49:02,703 - ERROR - crypto_app.aes_algo - Error during the encryption of a message with DES. The key must be a string in ASCII format of length 16, 24 or 32
2023-03-10 11:49:02,703 - ERROR - crypto_app.aes_algo - Error during the decryption of a message with DES. The message must be a string
2023-03-10 11:49:02,703 - ERROR - crypto_app.aes_algo - Error during the decryption of a message with DES. The message must be a string
2023-03-10 11:49:02,703 - ERROR - crypto_app.aes_algo - Error during the decryption of a message with DES. The message must be a string
2023-03-10 11:49:02,703 - ERROR - crypto_app.aes_algo - Error during the decryption of a message with DES. The message must be a string
2023-03-10 11:49:02,703 - ERROR - crypto_app.aes_algo - Error during the decryption of a message with DES. The message must be a string
2023-03-10 11:49:02,703 - ERROR - crypto_app.aes_algo - Error during the decryption of a message with DES. The key must be an string in ASCII format of length 16, 24 or 32
2023-03-10 11:49:02,703 - ERROR - crypto_app.aes_algo - Error during the decryption of a message with DES. The key must be an string in ASCII format of length 16, 24 or 32
2023-03-10 11:49:02,703 - ERROR - crypto_app.aes_algo - Error during the decryption of a message with DES. The key must be an string in ASCII format of length 16, 24 or 32
2023-03-10 11:49:02,703 - ERROR - crypto_app.aes_algo - Error during the decryption of a message with DES. The key must be an string in ASCII format of length 16, 24 or 32
2023-03-10 11:49:02,703 - ERROR - crypto_app.aes_algo - Error during the decryption of a message with DES. The key must be an string in ASCII format of length 16, 24 or 32
2023-03-10 11:49:02,703 - ERROR - crypto_app.aes_algo - Error during the decryption of a message with DES. The key must be an string in ASCII format of length 16, 24 or 32
2023-03-10 11:49:02,719 - ERROR - crypto_app.aes_algo - Error during the decryption of a message with DES. The key must be an string in ASCII format of length 16, 24 or 32
2023-03-10 11:49:02,719 - ERROR - crypto_app.aes_algo - Error during the decryption of a message with DES. The key must be an string in ASCII format of length 16, 24 or 32
2023-03-10 11:49:02,719 - ERROR - crypto_app.aes_algo - Error during the decryption of a message with DES. The key must be an string in ASCII format of length 16, 24 or 32
2023-03-10 11:49:02,719 - ERROR - crypto_app.aes_algo - Error during the decryption of a message with DES. The key must be an string in ASCII format of length 16, 24 or 32
2023-03-10 11:49:02,719 - ERROR - crypto_app.aes_algo - Error during the decryption of a message with DES. The key must be an string in ASCII format of length 16, 24 or 32
2023-03-10 11:49:02,719 - ERROR - crypto_app.aes_algo - Error during the decryption of a message with DES. The key must be an string in ASCII format of length 16, 24 or 32
2023-03-10 11:49:02,719 - ERROR - crypto_app.aes_algo - Error during the decryption of a message with DES. The key must be an string in ASCII format of length 16, 24 or 32
2023-03-10 11:49:02,719 - ERROR - crypto_app.aes_algo - Error during the decryption of a message with DES. The key must be an string in ASCII format of length 16, 24 or 32
2023-03-10 11:49:02,719 - ERROR - crypto_app.aes_algo - Error during the decryption of a message with DES. The key must be an string in ASCII format of length 16, 24 or 32
2023-03-10 11:49:02,719 - ERROR - crypto_app.aes_algo - Error during the decryption of a message with DES. The key must be an string in ASCII format of length 16, 24 or 32
2023-03-10 11:49:02,719 - ERROR - crypto_app.aes_algo - Error during the decryption of a message with DES. The key must be an string in ASCII format of length 16, 24 or 32
2023-03-10 11:49:02,719 - ERROR - crypto_app.aes_algo - Error during the decryption of a message with DES. The key must be an string in ASCII format of length 16, 24 or 32
2023-03-10 11:49:02,719 - ERROR - crypto_app.aes_algo - Error during the decryption of a message with DES. The key must be an string in ASCII format of length 16, 24 or 32
2023-03-10 11:49:02,719 - ERROR - crypto_app.aes_algo - Error during the decryption of a message with DES. The key must be an string in ASCII format of length 16, 24 or 32
2023-03-10 11:49:02,719 - ERROR - crypto_app.aes_algo - Error during the decryption of a message with DES. The key must be an string in ASCII format of length 16, 24 or 32
